android/app/build/intermediates/manifest_merge_blame_file/debug/manifest-merger-blame-debug-report.txt
1<?xml version="1.0" encoding="utf-8"?>
2<manifest xmlns:android="http://schemas.android.com/apk/res/android"
3    package="com.djrainmobile"
4    android:versionCode="1"
5    android:versionName="1.0" >
6
7    <uses-sdk
8        android:minSdkVersion="21"
9        android:targetSdkVersion="29" />
10
11    <uses-permission android:name="android.permission.SYSTEM_ALERT_WINDOW" />
11-->src\debug\AndroidManifest.xml:5:5-77
11-->src\debug\AndroidManifest.xml:5:22-75
12    <uses-permission android:name="android.permission.INTERNET" />
12-->src\main\AndroidManifest.xml:4:5-67
12-->src\main\AndroidManifest.xml:4:22-64
13    <uses-permission android:name="android.permission.ACCESS_WIFI_STATE" />
13-->[com.facebook.flipper:flipper:0.75.1] AndroidManifest.xml:16:5-76
13-->[com.facebook.flipper:flipper:0.75.1] AndroidManifest.xml:16:22-73
14
15    <application
15-->src\main\AndroidManifest.xml:6:5-24:19
16        android:name="com.djrainmobile.MainApplication"
16-->src\main\AndroidManifest.xml:7:7-38
17        android:allowBackup="false"
17-->src\main\AndroidManifest.xml:11:7-34
18        android:appComponentFactory="androidx.core.app.CoreComponentFactory"
18-->[androidx.core:core:1.1.0] AndroidManifest.xml:24:18-86
19        android:debuggable="true"
20        android:icon="@mipmap/ic_launcher"
20-->src\main\AndroidManifest.xml:9:7-41
21        android:label="@string/app_name"
21-->src\main\AndroidManifest.xml:8:7-39
22        android:roundIcon="@mipmap/ic_launcher_round"
22-->src\main\AndroidManifest.xml:10:7-52
23        android:theme="@style/AppTheme"
23-->src\main\AndroidManifest.xml:12:7-38
24        android:usesCleartextTraffic="true" >
24-->src\debug\AndroidManifest.xml:8:9-44
25        <activity android:name="com.facebook.react.devsupport.DevSettingsActivity" />
25-->src\debug\AndroidManifest.xml:11:9-86
25-->src\debug\AndroidManifest.xml:11:19-83
26        <activity
26-->src\main\AndroidManifest.xml:13:7-23:18
27            android:name="com.djrainmobile.MainActivity"
27-->src\main\AndroidManifest.xml:14:9-37
28            android:configChanges="keyboard|keyboardHidden|orientation|screenSize|uiMode"
28-->src\main\AndroidManifest.xml:16:9-86
29            android:label="@string/app_name"
29-->src\main\AndroidManifest.xml:15:9-41
30            android:launchMode="singleTask"
30-->src\main\AndroidManifest.xml:17:9-40
31            android:windowSoftInputMode="adjustResize" >
31-->src\main\AndroidManifest.xml:18:9-51
32            <intent-filter>
32-->src\main\AndroidManifest.xml:19:9-22:25
33                <action android:name="android.intent.action.MAIN" />
33-->src\main\AndroidManifest.xml:20:13-65
33-->src\main\AndroidManifest.xml:20:21-62
34
35                <category android:name="android.intent.category.LAUNCHER" />
35-->src\main\AndroidManifest.xml:21:13-73
35-->src\main\AndroidManifest.xml:21:23-70
36            </intent-filter>
37        </activity>
38        <activity
38-->[com.google.android.gms:play-services-auth:19.0.0] AndroidManifest.xml:23:9-27:75
39            android:name="com.google.android.gms.auth.api.signin.internal.SignInHubActivity"
39-->[com.google.android.gms:play-services-auth:19.0.0] AndroidManifest.xml:24:13-93
40            android:excludeFromRecents="true"
40-->[com.google.android.gms:play-services-auth:19.0.0] AndroidManifest.xml:25:13-46
41            android:exported="false"
41-->[com.google.android.gms:play-services-auth:19.0.0] AndroidManifest.xml:26:13-37
42            android:theme="@android:style/Theme.Translucent.NoTitleBar" />
42-->[com.google.android.gms:play-services-auth:19.0.0] AndroidManifest.xml:27:13-72
43        <!--
44            Service handling Google Sign-In user revocation. For apps that do not integrate with
45            Google Sign-In, this service will never be started.
46        -->
47        <service
47-->[com.google.android.gms:play-services-auth:19.0.0] AndroidManifest.xml:33:9-37:51
48            android:name="com.google.android.gms.auth.api.signin.RevocationBoundService"
48-->[com.google.android.gms:play-services-auth:19.0.0] AndroidManifest.xml:34:13-89
49            android:exported="true"
49-->[com.google.android.gms:play-services-auth:19.0.0] AndroidManifest.xml:35:13-36
50            android:permission="com.google.android.gms.auth.api.signin.permission.REVOCATION_NOTIFICATION"
50-->[com.google.android.gms:play-services-auth:19.0.0] AndroidManifest.xml:36:13-107
51            android:visibleToInstantApps="true" />
51-->[com.google.android.gms:play-services-auth:19.0.0] AndroidManifest.xml:37:13-48
52
53        <activity
53-->[com.google.android.gms:play-services-base:17.1.0] AndroidManifest.xml:23:9-26:75
54            android:name="com.google.android.gms.common.api.GoogleApiActivity"
54-->[com.google.android.gms:play-services-base:17.1.0] AndroidManifest.xml:24:13-79
55            android:exported="false"
55-->[com.google.android.gms:play-services-base:17.1.0] AndroidManifest.xml:25:13-37
56            android:theme="@android:style/Theme.Translucent.NoTitleBar" />
56-->[com.google.android.gms:play-services-base:17.1.0] AndroidManifest.xml:26:13-72
57
58        <provider
58-->[com.google.firebase:firebase-common:19.5.0] AndroidManifest.xml:26:9-31:39
59            android:name="com.google.firebase.provider.FirebaseInitProvider"
59-->[com.google.firebase:firebase-common:19.5.0] AndroidManifest.xml:27:13-77
60            android:authorities="com.djrainmobile.firebaseinitprovider"
60-->[com.google.firebase:firebase-common:19.5.0] AndroidManifest.xml:28:13-72
61            android:directBootAware="true"
61-->[com.google.firebase:firebase-common:19.5.0] AndroidManifest.xml:29:13-43
62            android:exported="false"
62-->[com.google.firebase:firebase-common:19.5.0] AndroidManifest.xml:30:13-37
63            android:initOrder="100" />
63-->[com.google.firebase:firebase-common:19.5.0] AndroidManifest.xml:31:13-36
64
65        <service
65-->[com.google.firebase:firebase-common:19.5.0] AndroidManifest.xml:33:9-46:19
66            android:name="com.google.firebase.components.ComponentDiscoveryService"
66-->[com.google.firebase:firebase-common:19.5.0] AndroidManifest.xml:34:13-84
67            android:directBootAware="true"
67-->[com.google.firebase:firebase-common:19.5.0] AndroidManifest.xml:35:13-43
68            android:exported="false" >
68-->[com.google.firebase:firebase-common:19.5.0] AndroidManifest.xml:36:13-37
69
70            <!--
71                This registrar is not defined in the dynamic-module-support sdk itself to allow non-firebase
72                clients to use it as well, by defining this registrar in their own core/common library.
73            -->
74            <meta-data
74-->[com.google.firebase:firebase-common:19.5.0] AndroidManifest.xml:43:13-45:85
75                android:name="com.google.firebase.components:com.google.firebase.dynamicloading.DynamicLoadingRegistrar"
75-->[com.google.firebase:firebase-common:19.5.0] AndroidManifest.xml:44:17-121
76                android:value="com.google.firebase.components.ComponentRegistrar" />
76-->[com.google.firebase:firebase-common:19.5.0] AndroidManifest.xml:45:17-82
77        </service>
78
79        <meta-data
79-->[com.google.android.gms:play-services-basement:17.1.1] AndroidManifest.xml:23:9-25:69
80            android:name="com.google.android.gms.version"
80-->[com.google.android.gms:play-services-basement:17.1.1] AndroidManifest.xml:24:13-58
81            android:value="@integer/google_play_services_version" />
81-->[com.google.android.gms:play-services-basement:17.1.1] AndroidManifest.xml:25:13-66
82    </application>
83
84</manifest>